<?xml version="1.0" encoding="UTF-8" ?>
<testsuite errors="0" failures="0" hostname="may2nd" name="com.googlecode.junittime.domain.TestCaseTest" tests="3" time="0.055" timestamp="2008-11-23T07:50:24">
  <properties>
[...]
</properties>
  <testcase classname="com.googlecode.junittime.domain.TestCaseTest" name="shouldReturnOneIfAIsSlowerThanB" time="0.0010" />
  <testcase classname="com.googlecode.junittime.domain.TestCaseTest" name="shouldReturnMinusOneIfAIsFasterThanB" time="0.0010" />
  <testcase classname="com.googlecode.junittime.domain.TestCaseTest" name="shouldReturnZeroIfAEqualsToB" time="0.0010" />
  <system-out><![CDATA[]]></system-out>
  <system-err><![CDATA[]]></system-err>
</testsuite>
